2025-12-20 17:54:17.794 [info] [main] Log level: Info
2025-12-20 17:54:17.794 [info] [main] Validating found git in: "git"
2025-12-20 17:54:17.794 [info] [main] Using git "2.52.0" from "git"
2025-12-20 17:54:17.794 [info] [Model][doInitialScan] Initial repository scan started
2025-12-20 17:54:17.794 [info] > git rev-parse --show-toplevel [5ms]
2025-12-20 17:54:17.794 [info] > git rev-parse --git-dir --git-common-dir --show-superproject-working-tree [8ms]
2025-12-20 17:54:17.794 [info] [Model][openRepository] Opened repository (path): /home/su/Documents/aa/multi_tenant
2025-12-20 17:54:17.794 [info] [Model][openRepository] Opened repository (real path): /home/su/Documents/aa/multi_tenant
2025-12-20 17:54:17.794 [info] [Model][openRepository] Opened repository (kind): repository
2025-12-20 17:54:17.794 [info] > git rev-parse --show-toplevel [9ms]
2025-12-20 17:54:17.794 [info] > git config --get commit.template [13ms]
2025-12-20 17:54:17.795 [info] > git rev-parse --show-toplevel [7ms]
2025-12-20 17:54:17.819 [info] > git for-each-ref --format=%(refname)%00%(upstream:short)%00%(objectname)%00%(upstream:track)%00%(upstream:remotename)%00%(upstream:remoteref) refs/heads/main refs/remotes/main [26ms]
2025-12-20 17:54:17.825 [info] > git rev-parse --show-toplevel [7ms]
2025-12-20 17:54:17.839 [info] > git status -z -uall [5ms]
2025-12-20 17:54:17.839 [info] > git rev-parse --show-toplevel [10ms]
2025-12-20 17:54:17.844 [info] > git rev-parse --show-toplevel [2ms]
2025-12-20 17:54:17.844 [info] > git for-each-ref --sort -committerdate --format %(refname)%00%(objectname)%00%(*objectname) [6ms]
2025-12-20 17:54:17.874 [info] > git for-each-ref --format=%(refname)%00%(upstream:short)%00%(objectname)%00%(upstream:track)%00%(upstream:remotename)%00%(upstream:remoteref) refs/heads/main refs/remotes/main [13ms]
2025-12-20 17:54:17.879 [info] > git config --get --local branch.main.vscode-merge-base [1ms]
2025-12-20 17:54:17.884 [info] > git config --get commit.template [11ms]
2025-12-20 17:54:17.884 [info] > git rev-parse --show-toplevel [16ms]
2025-12-20 17:54:17.885 [info] [Model][doInitialScan] Initial repository scan completed - repositories (1), closed repositories (0), parent repositories (0), unsafe repositories (0)
2025-12-20 17:54:17.887 [info] > git for-each-ref --format=%(refname)%00%(upstream:short)%00%(objectname)%00%(upstream:track)%00%(upstream:remotename)%00%(upstream:remoteref) refs/heads/origin/main refs/remotes/origin/main [3ms]
2025-12-20 17:54:17.897 [info] > git merge-base refs/heads/main refs/remotes/origin/main [5ms]
2025-12-20 17:54:17.901 [info] > git for-each-ref --format=%(refname)%00%(upstream:short)%00%(objectname)%00%(upstream:track)%00%(upstream:remotename)%00%(upstream:remoteref) refs/heads/main refs/remotes/main [6ms]
2025-12-20 17:54:17.909 [info] > git status -z -uall [4ms]
2025-12-20 17:54:17.910 [info] > git diff --name-status -z --diff-filter=ADMR --find-renames=50% c8f87b6e36f9539d4e675d5b5484f8787a01d671...refs/remotes/origin/main -- [9ms]
2025-12-20 17:54:17.910 [info] > git for-each-ref --sort -committerdate --format %(refname)%00%(objectname)%00%(*objectname) [1ms]
2025-12-20 17:54:18.078 [info] > git show --textconv :routes/projects_api.py [4ms]
2025-12-20 17:54:18.079 [info] > git ls-files --stage -- routes/projects_api.py [1ms]
2025-12-20 17:54:18.084 [info] > git cat-file -s 6fbb9b87b5714091a501677eb531ed0163b29a41 [1ms]
2025-12-20 17:54:18.103 [info] > git blame --root --incremental c8f87b6e36f9539d4e675d5b5484f8787a01d671 -- routes/projects_api.py [2ms]
2025-12-20 17:54:18.270 [info] > git check-ignore -v -z --stdin [1ms]
2025-12-20 17:54:20.053 [info] > git check-ignore -v -z --stdin [1ms]
2025-12-20 17:54:20.514 [info] > git show --textconv :static/style.css [4ms]
2025-12-20 17:54:20.515 [info] > git ls-files --stage -- static/style.css [1ms]
2025-12-20 17:54:20.519 [info] > git cat-file -s a634b8f69a965bd2f898db3aad18269679e8f6c0 [1ms]
2025-12-20 17:54:20.629 [info] > git blame --root --incremental c8f87b6e36f9539d4e675d5b5484f8787a01d671 -- static/style.css [5ms]
2025-12-20 17:54:24.139 [info] > git check-ignore -v -z --stdin [2ms]
2025-12-20 17:54:24.380 [info] > git show --textconv :templates/admin_create_user.html [4ms]
2025-12-20 17:54:24.380 [info] > git ls-files --stage -- templates/admin_create_user.html [1ms]
2025-12-20 17:54:24.385 [info] > git cat-file -s b3750f272b1fe1335cd600992e09cf7c850e31b3 [1ms]
2025-12-20 17:54:24.398 [info] > git blame --root --incremental c8f87b6e36f9539d4e675d5b5484f8787a01d671 -- templates/admin_create_user.html [5ms]
2025-12-20 17:54:25.010 [info] > git show --textconv :templates/base.html [5ms]
2025-12-20 17:54:25.011 [info] > git ls-files --stage -- templates/base.html [2ms]
2025-12-20 17:54:25.015 [info] > git cat-file -s 01c9b5df11b43730564d81886329ec2a2acae447 [1ms]
2025-12-20 17:54:25.028 [info] > git blame --root --incremental c8f87b6e36f9539d4e675d5b5484f8787a01d671 -- templates/base.html [3ms]
2025-12-20 17:54:25.412 [info] > git show --textconv :templates/dashboard.html [4ms]
2025-12-20 17:54:25.413 [info] > git ls-files --stage -- templates/dashboard.html [1ms]
2025-12-20 17:54:25.417 [info] > git cat-file -s 8a180d75fd0bc96c3312c994f624aa1d198b9e4c [1ms]
2025-12-20 17:54:25.794 [info] > git blame --root --incremental c8f87b6e36f9539d4e675d5b5484f8787a01d671 -- templates/dashboard.html [4ms]
2025-12-20 17:54:26.308 [info] > git show --textconv :templates/login.html [4ms]
2025-12-20 17:54:26.309 [info] > git ls-files --stage -- templates/login.html [1ms]
2025-12-20 17:54:26.312 [info] > git cat-file -s f8155a6e29e3795bc19b01c00f290fe590f65c0c [1ms]
2025-12-20 17:54:26.337 [info] > git blame --root --incremental c8f87b6e36f9539d4e675d5b5484f8787a01d671 -- templates/login.html [3ms]
2025-12-20 17:54:26.658 [info] > git show --textconv :templates/projects.html [4ms]
2025-12-20 17:54:26.658 [info] > git ls-files --stage -- templates/projects.html [1ms]
2025-12-20 17:54:26.662 [info] > git cat-file -s 9fc45acac020c1f3077aac77134e5ed25d84475d [1ms]
2025-12-20 17:54:26.920 [info] > git show --textconv :templates/tasks.html [5ms]
2025-12-20 17:54:26.920 [info] > git ls-files --stage -- templates/tasks.html [1ms]
2025-12-20 17:54:26.926 [info] > git cat-file -s e40fd6025eab1f52481ebfda9db0edae0fb44778 [1ms]
2025-12-20 17:54:26.958 [info] > git blame --root --incremental c8f87b6e36f9539d4e675d5b5484f8787a01d671 -- templates/tasks.html [3ms]
2025-12-20 17:54:29.898 [info] > git show --textconv :auth.py [3ms]
2025-12-20 17:54:29.898 [info] > git ls-files --stage -- auth.py [0ms]
2025-12-20 17:54:29.902 [info] > git cat-file -s 8a91f6f729408b0fff9cccad861a281b4b5f1b61 [1ms]
2025-12-20 17:54:29.910 [info] > git blame --root --incremental c8f87b6e36f9539d4e675d5b5484f8787a01d671 -- auth.py [2ms]
2025-12-20 17:54:30.201 [info] > git show --textconv :app.py [3ms]
2025-12-20 17:54:30.202 [info] > git ls-files --stage -- app.py [1ms]
2025-12-20 17:54:30.206 [info] > git cat-file -s d6838aa77105c45aaa7cfcd98eb423fd0498d74d [1ms]
2025-12-20 17:54:30.220 [info] > git blame --root --incremental c8f87b6e36f9539d4e675d5b5484f8787a01d671 -- app.py [4ms]
2025-12-20 17:54:37.772 [info] > git config --get commit.template [5ms]
2025-12-20 17:54:37.773 [info] > git for-each-ref --format=%(refname)%00%(upstream:short)%00%(objectname)%00%(upstream:track)%00%(upstream:remotename)%00%(upstream:remoteref) refs/heads/main refs/remotes/main [1ms]
2025-12-20 17:54:37.781 [info] > git status -z -uall [4ms]
2025-12-20 17:54:37.782 [info] > git for-each-ref --sort -committerdate --format %(refname)%00%(objectname)%00%(*objectname) [2ms]
2025-12-20 17:55:07.264 [info] > git show --textconv :templates/base.html [4ms]
2025-12-20 17:55:07.264 [info] > git ls-files --stage -- templates/base.html [1ms]
2025-12-20 17:55:07.268 [info] > git cat-file -s 01c9b5df11b43730564d81886329ec2a2acae447 [1ms]
2025-12-20 17:55:08.756 [info] > git show --textconv :templates/login.html [4ms]
2025-12-20 17:55:08.756 [info] > git ls-files --stage -- templates/login.html [1ms]
2025-12-20 17:55:08.761 [info] > git cat-file -s f8155a6e29e3795bc19b01c00f290fe590f65c0c [1ms]
2025-12-20 17:55:38.757 [info] > git config --get commit.template [4ms]
2025-12-20 17:55:38.758 [info] > git for-each-ref --format=%(refname)%00%(upstream:short)%00%(objectname)%00%(upstream:track)%00%(upstream:remotename)%00%(upstream:remoteref) refs/heads/main refs/remotes/main [1ms]
2025-12-20 17:55:38.765 [info] > git status -z -uall [3ms]
2025-12-20 17:55:38.766 [info] > git for-each-ref --sort -committerdate --format %(refname)%00%(objectname)%00%(*objectname) [1ms]
2025-12-20 17:57:57.104 [info] > git show --textconv :templates/admin_create_user.html [7ms]
2025-12-20 17:57:57.105 [info] > git ls-files --stage -- templates/admin_create_user.html [2ms]
2025-12-20 17:57:57.112 [info] > git cat-file -s b3750f272b1fe1335cd600992e09cf7c850e31b3 [2ms]
2025-12-20 17:58:03.970 [info] > git log --format=%H%n%aN%n%aE%n%at%n%ct%n%P%n%D%n%B -z --shortstat --diff-merges=first-parent -n50 --skip=0 --topo-order --decorate=full --stdin [15ms]
2025-12-20 17:58:04.078 [info] > git merge-base main origin/main [1ms]
2025-12-20 17:58:08.580 [info] > git show --textconv HEAD:templates/admin_create_user.html [4ms]
2025-12-20 17:58:08.581 [info] > git ls-tree -l HEAD -- templates/admin_create_user.html [1ms]
2025-12-20 17:58:13.311 [info] > git show --textconv :templates/login.html [5ms]
2025-12-20 17:58:13.311 [info] > git ls-files --stage -- templates/login.html [1ms]
2025-12-20 17:58:13.316 [info] > git cat-file -s f8155a6e29e3795bc19b01c00f290fe590f65c0c [1ms]
2025-12-20 17:59:36.299 [info] > git config --get commit.template [4ms]
2025-12-20 17:59:36.299 [info] > git for-each-ref --format=%(refname)%00%(upstream:short)%00%(objectname)%00%(upstream:track)%00%(upstream:remotename)%00%(upstream:remoteref) refs/heads/main refs/remotes/main [1ms]
2025-12-20 17:59:36.306 [info] > git status -z -uall [4ms]
2025-12-20 17:59:36.306 [info] > git for-each-ref --sort -committerdate --format %(refname)%00%(objectname)%00%(*objectname) [1ms]
2025-12-20 17:59:36.396 [info] > git ls-files --stage -- templates/login.html [2ms]
2025-12-20 17:59:36.400 [info] > git cat-file -s f8155a6e29e3795bc19b01c00f290fe590f65c0c [1ms]
2025-12-20 17:59:36.408 [info] > git show --textconv :templates/login.html [3ms]
2025-12-20 17:59:39.765 [info] > git config --get commit.template [4ms]
2025-12-20 17:59:39.766 [info] > git for-each-ref --format=%(refname)%00%(upstream:short)%00%(objectname)%00%(upstream:track)%00%(upstream:remotename)%00%(upstream:remoteref) refs/heads/main refs/remotes/main [1ms]
2025-12-20 17:59:39.775 [info] > git status -z -uall [5ms]
2025-12-20 17:59:39.775 [info] > git for-each-ref --sort -committerdate --format %(refname)%00%(objectname)%00%(*objectname) [1ms]
2025-12-20 17:59:40.093 [info] > git show --textconv HEAD:templates/login.html [4ms]
2025-12-20 17:59:40.094 [info] > git ls-tree -l HEAD -- templates/login.html [1ms]
2025-12-20 17:59:40.923 [info] > git ls-files --stage -- templates/login.html [4ms]
2025-12-20 17:59:40.927 [info] > git ls-tree -l HEAD -- templates/login.html [5ms]
2025-12-20 17:59:40.927 [info] > git cat-file -s e02c971a458c1cd9b57d8a8e03d89a9033c33e97 [1ms]
2025-12-20 17:59:40.934 [info] > git show --textconv HEAD:templates/login.html [4ms]
2025-12-20 17:59:40.935 [info] > git show --textconv :templates/login.html [2ms]
2025-12-20 17:59:41.318 [info] > git config --get commit.template [4ms]
2025-12-20 17:59:41.318 [info] > git for-each-ref --format=%(refname)%00%(upstream:short)%00%(objectname)%00%(upstream:track)%00%(upstream:remotename)%00%(upstream:remoteref) refs/heads/main refs/remotes/main [1ms]
2025-12-20 17:59:41.326 [info] > git status -z -uall [4ms]
2025-12-20 17:59:41.327 [info] > git for-each-ref --sort -committerdate --format %(refname)%00%(objectname)%00%(*objectname) [2ms]
2025-12-20 17:59:42.199 [info] > git config --get commit.template [4ms]
2025-12-20 17:59:42.200 [info] > git for-each-ref --format=%(refname)%00%(upstream:short)%00%(objectname)%00%(upstream:track)%00%(upstream:remotename)%00%(upstream:remoteref) refs/heads/main refs/remotes/main [1ms]
2025-12-20 17:59:42.207 [info] > git status -z -uall [4ms]
2025-12-20 17:59:42.209 [info] > git for-each-ref --sort -committerdate --format %(refname)%00%(objectname)%00%(*objectname) [2ms]
2025-12-20 17:59:42.219 [info] > git blame --root --incremental 9b8f82d82cb1c8a3b5f6b9daa2b23dd85cfa7409 -- templates/login.html [4ms]
2025-12-20 17:59:42.220 [info] > git merge-base refs/heads/main refs/remotes/origin/main [2ms]
2025-12-20 17:59:42.226 [info] > git diff --name-status -z --diff-filter=ADMR --find-renames=50% c8f87b6e36f9539d4e675d5b5484f8787a01d671...refs/remotes/origin/main -- [2ms]
2025-12-20 17:59:42.244 [info] > git log --format=%H%n%aN%n%aE%n%at%n%ct%n%P%n%D%n%B -z --shortstat --diff-merges=first-parent -n50 --skip=0 --topo-order --decorate=full --stdin [10ms]
2025-12-20 17:59:42.258 [info] > git merge-base main origin/main [1ms]
2025-12-20 17:59:43.364 [info] > git ls-files --stage -- templates/login.html [1ms]
2025-12-20 17:59:43.368 [info] > git cat-file -s e02c971a458c1cd9b57d8a8e03d89a9033c33e97 [1ms]
2025-12-20 17:59:43.373 [info] > git show --textconv :templates/login.html [1ms]
2025-12-20 17:59:46.339 [info] > git config --get commit.template [4ms]
2025-12-20 17:59:46.340 [info] > git for-each-ref --format=%(refname)%00%(upstream:short)%00%(objectname)%00%(upstream:track)%00%(upstream:remotename)%00%(upstream:remoteref) refs/heads/main refs/remotes/main [1ms]
2025-12-20 17:59:46.348 [info] > git status -z -uall [5ms]
2025-12-20 17:59:46.348 [info] > git for-each-ref --sort -committerdate --format %(refname)%00%(objectname)%00%(*objectname) [1ms]
2025-12-20 18:00:01.402 [info] > git config --get commit.template [4ms]
2025-12-20 18:00:01.403 [info] > git for-each-ref --format=%(refname)%00%(upstream:short)%00%(objectname)%00%(upstream:track)%00%(upstream:remotename)%00%(upstream:remoteref) refs/heads/main refs/remotes/main [1ms]
2025-12-20 18:00:01.411 [info] > git status -z -uall [4ms]
2025-12-20 18:00:01.412 [info] > git for-each-ref --sort -committerdate --format %(refname)%00%(objectname)%00%(*objectname) [1ms]
2025-12-20 18:00:01.419 [info] > git merge-base refs/heads/main refs/remotes/origin/main [1ms]
2025-12-20 18:00:01.424 [info] > git diff --name-status -z --diff-filter=ADMR --find-renames=50% 9b8f82d82cb1c8a3b5f6b9daa2b23dd85cfa7409...refs/remotes/origin/main -- [1ms]
2025-12-20 18:00:02.474 [info] > git config --get commit.template [4ms]
2025-12-20 18:00:02.475 [info] > git for-each-ref --format=%(refname)%00%(upstream:short)%00%(objectname)%00%(upstream:track)%00%(upstream:remotename)%00%(upstream:remoteref) refs/heads/main refs/remotes/main [2ms]
2025-12-20 18:00:02.482 [info] > git status -z -uall [4ms]
2025-12-20 18:00:02.482 [info] > git for-each-ref --sort -committerdate --format %(refname)%00%(objectname)%00%(*objectname) [1ms]
2025-12-20 18:00:02.572 [info] > git ls-files --stage -- templates/login.html [1ms]
2025-12-20 18:00:02.577 [info] > git cat-file -s e02c971a458c1cd9b57d8a8e03d89a9033c33e97 [1ms]
2025-12-20 18:00:02.582 [info] > git show --textconv :templates/login.html [1ms]
2025-12-20 18:00:07.496 [info] > git config --get commit.template [3ms]
2025-12-20 18:00:07.497 [info] > git for-each-ref --format=%(refname)%00%(upstream:short)%00%(objectname)%00%(upstream:track)%00%(upstream:remotename)%00%(upstream:remoteref) refs/heads/main refs/remotes/main [1ms]
2025-12-20 18:00:07.503 [info] > git status -z -uall [3ms]
2025-12-20 18:00:07.504 [info] > git for-each-ref --sort -committerdate --format %(refname)%00%(objectname)%00%(*objectname) [1ms]
2025-12-20 18:01:25.544 [info] > git show --textconv :app.py [4ms]
2025-12-20 18:01:25.545 [info] > git ls-files --stage -- app.py [2ms]
2025-12-20 18:01:25.550 [info] > git cat-file -s d6838aa77105c45aaa7cfcd98eb423fd0498d74d [1ms]
2025-12-20 18:01:25.559 [info] > git blame --root --incremental 9b8f82d82cb1c8a3b5f6b9daa2b23dd85cfa7409 -- app.py [2ms]
2025-12-20 18:06:19.594 [info] > git show --textconv :static/style.css [4ms]
2025-12-20 18:06:19.595 [info] > git ls-files --stage -- static/style.css [1ms]
2025-12-20 18:06:19.600 [info] > git cat-file -s 6cdbd706ce7c7541af3db77dc471850af9ba7369 [2ms]
2025-12-20 18:06:19.629 [info] > git blame --root --incremental 9b8f82d82cb1c8a3b5f6b9daa2b23dd85cfa7409 -- static/style.css [2ms]
2025-12-20 18:06:45.488 [info] > git show --textconv :templates/dashboard.html [6ms]
2025-12-20 18:06:45.488 [info] > git ls-files --stage -- templates/dashboard.html [1ms]
2025-12-20 18:06:45.493 [info] > git cat-file -s 8014e74e889560dd42793484e25163844a401ca2 [1ms]
2025-12-20 18:06:45.523 [info] > git blame --root --incremental 9b8f82d82cb1c8a3b5f6b9daa2b23dd85cfa7409 -- templates/dashboard.html [2ms]
2025-12-20 18:07:17.424 [info] > git show --textconv :templates/login.html [3ms]
2025-12-20 18:07:17.425 [info] > git ls-files --stage -- templates/login.html [1ms]
2025-12-20 18:07:17.429 [info] > git cat-file -s e02c971a458c1cd9b57d8a8e03d89a9033c33e97 [1ms]
2025-12-20 18:07:21.681 [info] > git show --textconv :templates/projects.html [4ms]
2025-12-20 18:07:21.682 [info] > git ls-files --stage -- templates/projects.html [1ms]
2025-12-20 18:07:21.687 [info] > git cat-file -s 45966de2708b6fe49f60633c0f146527f657d77e [1ms]
2025-12-20 18:07:21.699 [info] > git blame --root --incremental 9b8f82d82cb1c8a3b5f6b9daa2b23dd85cfa7409 -- templates/projects.html [2ms]
2025-12-20 18:08:34.714 [info] > git config --get commit.template [4ms]
2025-12-20 18:08:34.714 [info] > git for-each-ref --format=%(refname)%00%(upstream:short)%00%(objectname)%00%(upstream:track)%00%(upstream:remotename)%00%(upstream:remoteref) refs/heads/main refs/remotes/main [1ms]
2025-12-20 18:08:34.721 [info] > git status -z -uall [4ms]
2025-12-20 18:08:34.722 [info] > git for-each-ref --sort -committerdate --format %(refname)%00%(objectname)%00%(*objectname) [1ms]
2025-12-20 18:08:34.810 [info] > git ls-files --stage -- templates/projects.html [1ms]
2025-12-20 18:08:34.814 [info] > git cat-file -s 45966de2708b6fe49f60633c0f146527f657d77e [1ms]
2025-12-20 18:08:34.819 [info] > git show --textconv :templates/projects.html [2ms]
2025-12-20 18:08:36.277 [info] > git config --get commit.template [4ms]
2025-12-20 18:08:36.278 [info] > git for-each-ref --format=%(refname)%00%(upstream:short)%00%(objectname)%00%(upstream:track)%00%(upstream:remotename)%00%(upstream:remoteref) refs/heads/main refs/remotes/main [1ms]
2025-12-20 18:08:36.285 [info] > git status -z -uall [4ms]
2025-12-20 18:08:36.286 [info] > git for-each-ref --sort -committerdate --format %(refname)%00%(objectname)%00%(*objectname) [1ms]
2025-12-20 18:08:36.296 [info] > git blame --root --incremental 1b67b9c510c59d409b7128dddf4aab50e57f2e81 -- templates/projects.html [4ms]
2025-12-20 18:08:36.296 [info] > git merge-base refs/heads/main refs/remotes/origin/main [1ms]
2025-12-20 18:08:36.301 [info] > git diff --name-status -z --diff-filter=ADMR --find-renames=50% 1b67b9c510c59d409b7128dddf4aab50e57f2e81...refs/remotes/origin/main -- [1ms]
2025-12-20 18:08:37.438 [info] > git ls-files --stage -- templates/projects.html [1ms]
2025-12-20 18:08:37.442 [info] > git cat-file -s 45966de2708b6fe49f60633c0f146527f657d77e [1ms]
2025-12-20 18:08:37.447 [info] > git show --textconv :templates/projects.html [1ms]
2025-12-20 18:08:39.732 [info] > git config --get commit.template [3ms]
2025-12-20 18:08:39.733 [info] > git for-each-ref --format=%(refname)%00%(upstream:short)%00%(objectname)%00%(upstream:track)%00%(upstream:remotename)%00%(upstream:remoteref) refs/heads/main refs/remotes/main [1ms]
2025-12-20 18:08:39.740 [info] > git status -z -uall [4ms]
2025-12-20 18:08:39.741 [info] > git for-each-ref --sort -committerdate --format %(refname)%00%(objectname)%00%(*objectname) [1ms]
