2025-12-21 16:41:30.531 [info] [main] Log level: Info
2025-12-21 16:41:30.531 [info] [main] Validating found git in: "git"
2025-12-21 16:41:30.531 [info] [main] Using git "2.52.0" from "git"
2025-12-21 16:41:30.531 [info] [Model][doInitialScan] Initial repository scan started
2025-12-21 16:41:30.531 [info] > git rev-parse --show-toplevel [12ms]
2025-12-21 16:41:30.531 [info] > git rev-parse --git-dir --git-common-dir --show-superproject-working-tree [5ms]
2025-12-21 16:41:30.531 [info] [Model][openRepository] Opened repository (path): /home/su/Documents/aa/multi_tenant
2025-12-21 16:41:30.531 [info] [Model][openRepository] Opened repository (real path): /home/su/Documents/aa/multi_tenant
2025-12-21 16:41:30.531 [info] [Model][openRepository] Opened repository (kind): repository
2025-12-21 16:41:30.531 [info] > git rev-parse --show-toplevel [18ms]
2025-12-21 16:41:30.531 [info] > git config --get commit.template [22ms]
2025-12-21 16:41:30.531 [info] > git rev-parse --show-toplevel [6ms]
2025-12-21 16:41:30.567 [info] > git rev-parse --show-toplevel [31ms]
2025-12-21 16:41:30.567 [info] > git for-each-ref --format=%(refname)%00%(upstream:short)%00%(objectname)%00%(upstream:track)%00%(upstream:remotename)%00%(upstream:remoteref) refs/heads/main refs/remotes/main [37ms]
2025-12-21 16:41:30.587 [info] > git status -z -uall [6ms]
2025-12-21 16:41:30.587 [info] > git rev-parse --show-toplevel [14ms]
2025-12-21 16:41:30.598 [info] > git rev-parse --show-toplevel [6ms]
2025-12-21 16:41:30.598 [info] [Model][doInitialScan] Initial repository scan completed - repositories (1), closed repositories (0), parent repositories (0), unsafe repositories (0)
2025-12-21 16:41:30.598 [info] > git for-each-ref --sort -committerdate --format %(refname)%00%(objectname)%00%(*objectname) [12ms]
2025-12-21 16:41:30.621 [info] > git for-each-ref --format=%(refname)%00%(upstream:short)%00%(objectname)%00%(upstream:track)%00%(upstream:remotename)%00%(upstream:remoteref) refs/heads/main refs/remotes/main [6ms]
2025-12-21 16:41:30.628 [info] > git config --get --local branch.main.vscode-merge-base [2ms]
2025-12-21 16:41:30.634 [info] > git config --get commit.template [12ms]
2025-12-21 16:41:30.639 [info] > git for-each-ref --format=%(refname)%00%(upstream:short)%00%(objectname)%00%(upstream:track)%00%(upstream:remotename)%00%(upstream:remoteref) refs/heads/origin/main refs/remotes/origin/main [6ms]
2025-12-21 16:41:30.644 [info] > git for-each-ref --format=%(refname)%00%(upstream:short)%00%(objectname)%00%(upstream:track)%00%(upstream:remotename)%00%(upstream:remoteref) refs/heads/main refs/remotes/main [6ms]
2025-12-21 16:41:30.645 [info] > git merge-base refs/heads/main refs/remotes/origin/main [2ms]
2025-12-21 16:41:30.658 [info] > git status -z -uall [5ms]
2025-12-21 16:41:30.659 [info] > git diff --name-status -z --diff-filter=ADMR --find-renames=50% 1b67b9c510c59d409b7128dddf4aab50e57f2e81...refs/remotes/origin/main -- [10ms]
2025-12-21 16:41:30.659 [info] > git for-each-ref --sort -committerdate --format %(refname)%00%(objectname)%00%(*objectname) [1ms]
2025-12-21 16:41:30.801 [info] > git show --textconv :app.py [5ms]
2025-12-21 16:41:30.802 [info] > git ls-files --stage -- app.py [2ms]
2025-12-21 16:41:30.807 [info] > git cat-file -s d6838aa77105c45aaa7cfcd98eb423fd0498d74d [1ms]
2025-12-21 16:41:30.852 [info] > git blame --root --incremental 1b67b9c510c59d409b7128dddf4aab50e57f2e81 -- app.py [12ms]
2025-12-21 16:41:31.032 [info] > git check-ignore -v -z --stdin [2ms]
