2025-12-21 20:15:15.072 [info] Extension host with pid 95176 started
2025-12-21 20:15:15.072 [info] Skipping acquiring lock for /home/su/.config/Code - OSS/User/workspaceStorage/ec4fbaf7e0988dafc18500c70d3f7ccf.
2025-12-21 20:15:15.431 [info] ExtensionService#_doActivateExtension vscode.github-authentication, startup: false, activationEvent: 'onAuthenticationRequest:github'
2025-12-21 20:15:15.462 [info] ExtensionService#_doActivateExtension vscode.emmet, startup: false, activationEvent: 'onLanguage'
2025-12-21 20:15:15.481 [info] ExtensionService#_doActivateExtension ms-python.debugpy, startup: false, activationEvent: 'onLanguage:python'
2025-12-21 20:15:15.538 [info] ExtensionService#_doActivateExtension ms-python.python, startup: false, activationEvent: 'onLanguage:python'
2025-12-21 20:15:15.753 [info] ExtensionService#_doActivateExtension ms-python.vscode-python-envs, startup: false, activationEvent: 'onLanguage:python'
2025-12-21 20:15:15.860 [info] ExtensionService#_doActivateExtension vscode.terminal-suggest, startup: false, activationEvent: 'onTerminalShellIntegration:*'
2025-12-21 20:15:16.068 [info] ExtensionService#_doActivateExtension vscode.git-base, startup: true, activationEvent: '*', root cause: vscode.git
2025-12-21 20:15:16.086 [info] ExtensionService#_doActivateExtension vscode.git, startup: true, activationEvent: '*'
2025-12-21 20:15:16.156 [info] ExtensionService#_doActivateExtension vscode.github, startup: true, activationEvent: '*'
2025-12-21 20:15:16.301 [info] Eager extensions activated
2025-12-21 20:15:16.342 [info] ExtensionService#_doActivateExtension vscode.debug-auto-launch, startup: false, activationEvent: 'onStartupFinished'
2025-12-21 20:15:16.346 [info] ExtensionService#_doActivateExtension vscode.merge-conflict, startup: false, activationEvent: 'onStartupFinished'
2025-12-21 20:15:17.190 [error] Error: Extension 'ms-python.python' CANNOT use API proposal: testObserver.
Its package.json#enabledApiProposals-property declares:  but NOT testObserver.
 The missing proposal MUST be added and you must start in extension development mode or use the following command line switch: --enable-proposed-api ms-python.python
	at T (file:///usr/lib/code/out/vs/workbench/api/node/extensionHostProcess.js:110:34312)
	at get testResults (file:///usr/lib/code/out/vs/workbench/api/node/extensionHostProcess.js:212:104674)
	at x.activate (/home/su/.vscode-oss/extensions/ms-python.python-2025.16.0-universal/out/client/extension.js:2:946549)
	at /home/su/.vscode-oss/extensions/ms-python.python-2025.16.0-universal/out/client/extension.js:2:2457
	at Array.map (<anonymous>)
	at v.activateWorkspace (/home/su/.vscode-oss/extensions/ms-python.python-2025.16.0-universal/out/client/extension.js:2:2447)
2025-12-21 20:15:18.179 [info] ExtensionService#_doActivateExtension vscode.html-language-features, startup: false, activationEvent: 'onLanguage:html'
2025-12-21 20:16:48.941 [info] Extension host terminating: renderer closed the MessagePort
2025-12-21 20:16:48.953 [error] TypeError: Cannot read properties of undefined (reading 'subscriptions')
	at Object.X [as deactivate] (/home/su/.vscode-oss/extensions/ms-python.vscode-python-envs-1.10.0-universal/dist/extension.js:2:668378)
	at HX.eb (file:///usr/lib/code/out/vs/workbench/api/node/extensionHostProcess.js:120:11850)
	at file:///usr/lib/code/out/vs/workbench/api/node/extensionHostProcess.js:120:10000
	at Array.map (<anonymous>)
	at HX.$ (file:///usr/lib/code/out/vs/workbench/api/node/extensionHostProcess.js:120:9988)
	at HX.terminate (file:///usr/lib/code/out/vs/workbench/api/node/extensionHostProcess.js:120:10231)
	at yN.terminate (file:///usr/lib/code/out/vs/workbench/api/node/extensionHostProcess.js:122:914)
	at Us (file:///usr/lib/code/out/vs/workbench/api/node/extensionHostProcess.js:404:11129)
	at MessagePortMain.<anonymous> (file:///usr/lib/code/out/vs/workbench/api/node/extensionHostProcess.js:404:7604)
	at MessagePortMain.emit (node:events:519:28)
	at MessagePortMain._internalPort.emit (node:electron/js2c/utility_init:2:2959)
2025-12-21 20:16:48.955 [info] Extension host with pid 95176 exiting with code 0
