2025-12-21 13:41:04.803 [info] Reading sessions from keychain...
2025-12-21 13:41:04.803 [info] Getting sessions for all scopes...
2025-12-21 13:41:04.867 [info] Got 0 sessions for ...
2025-12-21 13:41:04.867 [info] Getting sessions for all scopes...
2025-12-21 13:41:04.867 [info] Got 0 sessions for ...
2025-12-21 13:41:04.867 [info] Getting sessions for all scopes...
2025-12-21 13:41:04.867 [info] Got 0 sessions for ...
2025-12-21 13:41:04.867 [info] Getting sessions for all scopes...
2025-12-21 13:41:04.867 [info] Got 0 sessions for ...
2025-12-21 13:41:04.868 [info] Getting sessions for all scopes...
2025-12-21 13:41:04.868 [info] Got 0 sessions for ...
2025-12-21 13:41:04.868 [info] Getting sessions for all scopes...
2025-12-21 13:41:04.868 [info] Got 0 sessions for ...
2025-12-21 13:41:04.868 [info] Getting sessions for all scopes...
2025-12-21 13:41:04.868 [info] Got 0 sessions for ...
2025-12-21 13:41:04.921 [info] Getting sessions for all scopes...
2025-12-21 13:41:04.921 [info] Got 0 sessions for ...
2025-12-21 13:41:04.921 [info] Getting sessions for all scopes...
2025-12-21 13:41:04.921 [info] Got 0 sessions for ...
2025-12-21 13:41:04.921 [info] Getting sessions for all scopes...
2025-12-21 13:41:04.921 [info] Got 0 sessions for ...
2025-12-21 13:41:04.921 [info] Getting sessions for all scopes...
2025-12-21 13:41:04.921 [info] Got 0 sessions for ...
2025-12-21 13:41:04.921 [info] Getting sessions for all scopes...
2025-12-21 13:41:04.922 [info] Got 0 sessions for ...
2025-12-21 13:41:04.922 [info] Getting sessions for all scopes...
2025-12-21 13:41:04.922 [info] Got 0 sessions for ...
2025-12-21 13:41:04.985 [info] Getting sessions for all scopes...
2025-12-21 13:41:04.985 [info] Got 0 sessions for ...
2025-12-21 13:41:05.797 [info] Getting sessions for read:user,repo,user:email,workflow...
2025-12-21 13:41:05.797 [info] Got 0 sessions for read:user,repo,user:email,workflow...
2025-12-21 13:41:06.200 [info] Getting sessions for all scopes...
2025-12-21 13:41:06.200 [info] Got 0 sessions for ...
