2025-12-22 10:33:58.854 [info] Reading sessions from keychain...
2025-12-22 10:33:58.854 [info] Getting sessions for all scopes...
2025-12-22 10:33:58.938 [info] Got 0 sessions for ...
2025-12-22 10:33:58.938 [info] Getting sessions for all scopes...
2025-12-22 10:33:58.939 [info] Got 0 sessions for ...
2025-12-22 10:33:58.939 [info] Getting sessions for all scopes...
2025-12-22 10:33:58.939 [info] Got 0 sessions for ...
2025-12-22 10:33:58.939 [info] Getting sessions for all scopes...
2025-12-22 10:33:58.939 [info] Got 0 sessions for ...
2025-12-22 10:33:58.939 [info] Getting sessions for all scopes...
2025-12-22 10:33:58.939 [info] Got 0 sessions for ...
2025-12-22 10:33:58.939 [info] Getting sessions for all scopes...
2025-12-22 10:33:58.939 [info] Got 0 sessions for ...
2025-12-22 10:33:58.939 [info] Getting sessions for all scopes...
2025-12-22 10:33:58.940 [info] Got 0 sessions for ...
2025-12-22 10:33:59.756 [info] Getting sessions for all scopes...
2025-12-22 10:33:59.757 [info] Got 0 sessions for ...
2025-12-22 10:33:59.757 [info] Getting sessions for all scopes...
2025-12-22 10:33:59.757 [info] Got 0 sessions for ...
2025-12-22 10:33:59.757 [info] Getting sessions for all scopes...
2025-12-22 10:33:59.757 [info] Got 0 sessions for ...
2025-12-22 10:33:59.757 [info] Getting sessions for all scopes...
2025-12-22 10:33:59.757 [info] Got 0 sessions for ...
2025-12-22 10:33:59.758 [info] Getting sessions for all scopes...
2025-12-22 10:33:59.758 [info] Got 0 sessions for ...
2025-12-22 10:33:59.758 [info] Getting sessions for all scopes...
2025-12-22 10:33:59.758 [info] Got 0 sessions for ...
2025-12-22 10:33:59.813 [info] Getting sessions for all scopes...
2025-12-22 10:33:59.813 [info] Got 0 sessions for ...
2025-12-22 10:34:00.578 [info] Getting sessions for read:user,repo,user:email,workflow...
2025-12-22 10:34:00.578 [info] Got 0 sessions for read:user,repo,user:email,workflow...
2025-12-22 10:34:00.756 [info] Getting sessions for all scopes...
2025-12-22 10:34:00.756 [info] Got 0 sessions for ...
