2025-12-23 09:21:05.372 [info] Reading sessions from keychain...
2025-12-23 09:21:05.373 [info] Getting sessions for all scopes...
2025-12-23 09:21:05.377 [info] Got 0 sessions for ...
2025-12-23 09:21:05.377 [info] Getting sessions for all scopes...
2025-12-23 09:21:05.377 [info] Got 0 sessions for ...
2025-12-23 09:21:05.377 [info] Getting sessions for all scopes...
2025-12-23 09:21:05.377 [info] Got 0 sessions for ...
2025-12-23 09:21:05.377 [info] Getting sessions for all scopes...
2025-12-23 09:21:05.377 [info] Got 0 sessions for ...
2025-12-23 09:21:05.377 [info] Getting sessions for all scopes...
2025-12-23 09:21:05.377 [info] Got 0 sessions for ...
2025-12-23 09:21:05.378 [info] Getting sessions for all scopes...
2025-12-23 09:21:05.378 [info] Got 0 sessions for ...
2025-12-23 09:21:05.378 [info] Getting sessions for all scopes...
2025-12-23 09:21:05.378 [info] Got 0 sessions for ...
2025-12-23 09:21:05.378 [info] Getting sessions for all scopes...
2025-12-23 09:21:05.378 [info] Got 0 sessions for ...
2025-12-23 09:21:05.378 [info] Getting sessions for all scopes...
2025-12-23 09:21:05.378 [info] Got 0 sessions for ...
2025-12-23 09:21:05.413 [info] Getting sessions for all scopes...
2025-12-23 09:21:05.413 [info] Got 0 sessions for ...
2025-12-23 09:21:05.415 [info] Getting sessions for all scopes...
2025-12-23 09:21:05.415 [info] Got 0 sessions for ...
2025-12-23 09:21:05.415 [info] Getting sessions for all scopes...
2025-12-23 09:21:05.415 [info] Got 0 sessions for ...
2025-12-23 09:21:05.416 [info] Getting sessions for all scopes...
2025-12-23 09:21:05.416 [info] Got 0 sessions for ...
2025-12-23 09:21:05.416 [info] Getting sessions for all scopes...
2025-12-23 09:21:05.416 [info] Got 0 sessions for ...
2025-12-23 09:21:05.416 [info] Getting sessions for all scopes...
2025-12-23 09:21:05.416 [info] Got 0 sessions for ...
2025-12-23 09:21:06.266 [info] Getting sessions for all scopes...
2025-12-23 09:21:06.266 [info] Got 0 sessions for ...
2025-12-23 09:28:19.623 [info] Logging in with 'any' account...
2025-12-23 09:28:19.623 [info] Logging in for the following scopes: read:user repo user:email workflow
2025-12-23 09:28:19.687 [info] Trying device code flow... (read:user repo user:email workflow)
2025-12-23 09:29:08.550 [info] Getting user info...
2025-12-23 09:29:09.021 [info] Got account info!
2025-12-23 09:29:09.022 [info] Storing 1 sessions...
2025-12-23 09:29:09.028 [info] Reading sessions from keychain...
2025-12-23 09:29:09.029 [info] Stored 1 sessions!
2025-12-23 09:29:09.029 [info] Login success!
2025-12-23 09:29:09.031 [info] Getting sessions for all scopes...
2025-12-23 09:29:09.039 [info] Got stored sessions!
2025-12-23 09:29:09.039 [info] Got 1 verified sessions.
2025-12-23 09:29:09.039 [info] Got 1 sessions for ...
2025-12-23 09:29:09.041 [info] Getting sessions for all scopes...
2025-12-23 09:29:09.041 [info] Got 1 sessions for ...
