2025-12-21 13:41:05.537 [info] [main] Log level: Info
2025-12-21 13:41:05.537 [info] [main] Validating found git in: "git"
2025-12-21 13:41:05.537 [info] [main] Using git "2.52.0" from "git"
2025-12-21 13:41:05.537 [info] [Model][doInitialScan] Initial repository scan started
2025-12-21 13:41:05.537 [info] > git rev-parse --show-toplevel [8ms]
2025-12-21 13:41:05.538 [info] > git rev-parse --git-dir --git-common-dir --show-superproject-working-tree [5ms]
2025-12-21 13:41:05.548 [info] [Model][openRepository] Opened repository (path): /home/su/Documents/aa/multi_tenant
2025-12-21 13:41:05.548 [info] [Model][openRepository] Opened repository (real path): /home/su/Documents/aa/multi_tenant
2025-12-21 13:41:05.548 [info] [Model][openRepository] Opened repository (kind): repository
2025-12-21 13:41:05.573 [info] > git rev-parse --show-toplevel [11ms]
2025-12-21 13:41:05.573 [info] > git config --get commit.template [16ms]
2025-12-21 13:41:05.595 [info] > git rev-parse --show-toplevel [15ms]
2025-12-21 13:41:05.606 [info] > git rev-parse --show-toplevel [3ms]
2025-12-21 13:41:05.606 [info] > git for-each-ref --format=%(refname)%00%(upstream:short)%00%(objectname)%00%(upstream:track)%00%(upstream:remotename)%00%(upstream:remoteref) refs/heads/main refs/remotes/main [12ms]
2025-12-21 13:41:05.638 [info] > git status -z -uall [10ms]
2025-12-21 13:41:05.638 [info] > git rev-parse --show-toplevel [21ms]
2025-12-21 13:41:05.645 [info] > git for-each-ref --sort -committerdate --format %(refname)%00%(objectname)%00%(*objectname) [8ms]
2025-12-21 13:41:05.678 [info] > git for-each-ref --format=%(refname)%00%(upstream:short)%00%(objectname)%00%(upstream:track)%00%(upstream:remotename)%00%(upstream:remoteref) refs/heads/main refs/remotes/main [14ms]
2025-12-21 13:41:05.683 [info] > git rev-parse --show-toplevel [39ms]
2025-12-21 13:41:05.708 [info] > git config --get --local branch.main.vscode-merge-base [25ms]
2025-12-21 13:41:05.712 [info] > git config --get commit.template [42ms]
2025-12-21 13:41:05.716 [info] > git for-each-ref --format=%(refname)%00%(upstream:short)%00%(objectname)%00%(upstream:track)%00%(upstream:remotename)%00%(upstream:remoteref) refs/heads/origin/main refs/remotes/origin/main [4ms]
2025-12-21 13:41:05.721 [info] > git rev-parse --show-toplevel [14ms]
2025-12-21 13:41:05.721 [info] [Model][doInitialScan] Initial repository scan completed - repositories (1), closed repositories (0), parent repositories (0), unsafe repositories (0)
2025-12-21 13:41:05.746 [info] > git merge-base refs/heads/main refs/remotes/origin/main [26ms]
2025-12-21 13:41:05.754 [info] > git diff --name-status -z --diff-filter=ADMR --find-renames=50% 1b67b9c510c59d409b7128dddf4aab50e57f2e81...refs/remotes/origin/main -- [4ms]
2025-12-21 13:41:05.755 [info] > git for-each-ref --format=%(refname)%00%(upstream:short)%00%(objectname)%00%(upstream:track)%00%(upstream:remotename)%00%(upstream:remoteref) refs/heads/main refs/remotes/main [9ms]
2025-12-21 13:41:05.765 [info] > git status -z -uall [4ms]
2025-12-21 13:41:05.766 [info] > git for-each-ref --sort -committerdate --format %(refname)%00%(objectname)%00%(*objectname) [1ms]
2025-12-21 13:41:06.014 [info] > git show --textconv :app.py [4ms]
2025-12-21 13:41:06.015 [info] > git ls-files --stage -- app.py [1ms]
2025-12-21 13:41:06.019 [info] > git cat-file -s d6838aa77105c45aaa7cfcd98eb423fd0498d74d [1ms]
2025-12-21 13:41:06.046 [info] > git blame --root --incremental 1b67b9c510c59d409b7128dddf4aab50e57f2e81 -- app.py [12ms]
2025-12-21 13:41:06.114 [info] > git check-ignore -v -z --stdin [1ms]
