2025-12-22 07:21:13.689 [info] Reading sessions from keychain...
2025-12-22 07:21:13.689 [info] Getting sessions for all scopes...
2025-12-22 07:21:13.776 [info] Got 0 sessions for ...
2025-12-22 07:21:13.776 [info] Getting sessions for all scopes...
2025-12-22 07:21:13.776 [info] Got 0 sessions for ...
2025-12-22 07:21:13.776 [info] Getting sessions for all scopes...
2025-12-22 07:21:13.776 [info] Got 0 sessions for ...
2025-12-22 07:21:13.776 [info] Getting sessions for all scopes...
2025-12-22 07:21:13.776 [info] Got 0 sessions for ...
2025-12-22 07:21:13.776 [info] Getting sessions for all scopes...
2025-12-22 07:21:13.776 [info] Got 0 sessions for ...
2025-12-22 07:21:13.776 [info] Getting sessions for all scopes...
2025-12-22 07:21:13.776 [info] Got 0 sessions for ...
2025-12-22 07:21:13.776 [info] Getting sessions for all scopes...
2025-12-22 07:21:13.776 [info] Got 0 sessions for ...
2025-12-22 07:21:13.787 [info] Getting sessions for all scopes...
2025-12-22 07:21:13.787 [info] Got 0 sessions for ...
2025-12-22 07:21:13.787 [info] Getting sessions for all scopes...
2025-12-22 07:21:13.787 [info] Got 0 sessions for ...
2025-12-22 07:21:13.787 [info] Getting sessions for all scopes...
2025-12-22 07:21:13.787 [info] Got 0 sessions for ...
2025-12-22 07:21:13.788 [info] Getting sessions for all scopes...
2025-12-22 07:21:13.788 [info] Got 0 sessions for ...
2025-12-22 07:21:13.788 [info] Getting sessions for all scopes...
2025-12-22 07:21:13.788 [info] Got 0 sessions for ...
2025-12-22 07:21:13.788 [info] Getting sessions for all scopes...
2025-12-22 07:21:13.788 [info] Got 0 sessions for ...
2025-12-22 07:21:13.829 [info] Getting sessions for all scopes...
2025-12-22 07:21:13.829 [info] Got 0 sessions for ...
2025-12-22 07:21:14.188 [info] Getting sessions for read:user,repo,user:email,workflow...
2025-12-22 07:21:14.188 [info] Got 0 sessions for read:user,repo,user:email,workflow...
2025-12-22 07:21:15.025 [info] Getting sessions for all scopes...
2025-12-22 07:21:15.025 [info] Got 0 sessions for ...
